2021-06-14T12:25:02.771Z	Registered cluster \"thi\"
2021-06-14T12:25:02.837Z	Successfully registered cluster thi with id 3416cbfe-9920-40a0-a9ea-6eaee1b57a1c
2021-06-14T12:25:07.431Z	Updated status of cluster thi to pending-for-input
2021-06-14T12:25:24.201Z	Cluster validation 'api-vip-defined' is now fixed
2021-06-14T12:25:28.652Z	Generated image (Image type is \"full-iso\", SSH public key is set)
2021-06-14T12:25:49.765Z	Started image download (image type is \"full-iso\")
2021-06-14T12:27:35.319Z	Host 407b4d56-d0f2-599d-9025-21e03a2a12dd: registered to cluster
2021-06-14T12:27:36.763Z	Cluster validation 'all-hosts-are-ready-to-install' that used to succeed is now failing
2021-06-14T12:27:38.856Z	Host cp0.thi.gw.lo: updated status from \"discovering\" to \"insufficient\" (Host cannot be installed due to following failing validation(s): Host couldn't synchronize with any NTP server)
2021-06-14T12:27:41.940Z	Host 674f4d56-eb4f-aa74-8dda-a8e30bb3b29f: registered to cluster
2021-06-14T12:27:42.198Z	Host fb754d56-864c-570a-d164-b3b3897415ff: registered to cluster
2021-06-14T12:27:46.856Z	Cluster validation 'api-vip-valid' is now fixed
2021-06-14T12:27:46.862Z	Host cp2.thi.gw.lo: updated status from \"discovering\" to \"insufficient\" (Host cannot be installed due to following failing validation(s): Host couldn't synchronize with any NTP server ; No connectivity to the majority of hosts in the cluster)
2021-06-14T12:27:46.867Z	Cluster validation 'ingress-vip-valid' is now fixed
2021-06-14T12:27:46.870Z	Cluster validation 'machine-cidr-defined' is now fixed
2021-06-14T12:27:46.874Z	Cluster validation 'machine-cidr-equals-to-calculated-cidr' is now fixed
2021-06-14T12:27:46.875Z	Host cp1.thi.gw.lo: updated status from \"discovering\" to \"insufficient\" (Host cannot be installed due to following failing validation(s): Host couldn't synchronize with any NTP server ; No connectivity to the majority of hosts in the cluster)
2021-06-14T12:27:46.878Z	Cluster validation 'sufficient-masters-count' is now fixed
2021-06-14T12:27:46.956Z	Updated status of cluster thi to insufficient
2021-06-14T12:28:40.611Z	Host 5f604d56-577f-23ee-c4a9-9562c47387b5: registered to cluster
2021-06-14T12:28:42.843Z	Host node2.thi.gw.lo: updated status from \"discovering\" to \"insufficient\" (Host cannot be installed due to following failing validation(s): Host couldn't synchronize with any NTP server ; No connectivity to the majority of hosts in the cluster)
2021-06-14T12:28:46.763Z	Cluster validation 'sufficient-masters-count' that used to succeed is now failing
2021-06-14T12:28:50.774Z	Host cp0.thi.gw.lo: validation 'ntp-synced' is now fixed
2021-06-14T12:28:50.788Z	Host cp1.thi.gw.lo: validation 'ntp-synced' is now fixed
2021-06-14T12:28:50.810Z	Host cp2.thi.gw.lo: validation 'ntp-synced' is now fixed
2021-06-14T12:28:53.420Z	Host 61294d56-55e1-deb3-ad6a-6c6c14df6419: registered to cluster
2021-06-14T12:28:53.713Z	Host 7df54d56-51a6-5f00-1e4f-d0c8f402e940: registered to cluster
2021-06-14T12:28:56.778Z	Cluster validation 'sufficient-masters-count' is now fixed
2021-06-14T12:28:58.768Z	Host cp0.thi.gw.lo: validation 'belongs-to-majority-group' is now fixed
2021-06-14T12:28:58.782Z	Host cp0.thi.gw.lo: updated status from \"insufficient\" to \"known\" (Host is ready to be installed)
2021-06-14T12:28:58.795Z	Host cp2.thi.gw.lo: validation 'belongs-to-majority-group' is now fixed
2021-06-14T12:28:58.807Z	Host cp2.thi.gw.lo: updated status from \"insufficient\" to \"known\" (Host is ready to be installed)
2021-06-14T12:28:58.811Z	Host cp1.thi.gw.lo: validation 'belongs-to-majority-group' is now fixed
2021-06-14T12:28:58.832Z	Host cp1.thi.gw.lo: updated status from \"insufficient\" to \"known\" (Host is ready to be installed)
2021-06-14T12:28:58.859Z	Host node1.thi.gw.lo: updated status from \"discovering\" to \"insufficient\" (Host cannot be installed due to following failing validation(s): Host couldn't synchronize with any NTP server ; No connectivity to the majority of hosts in the cluster)
2021-06-14T12:28:58.886Z	Host node0.thi.gw.lo: updated status from \"discovering\" to \"insufficient\" (Host cannot be installed due to following failing validation(s): Host couldn't synchronize with any NTP server ; No connectivity to the majority of hosts in the cluster)
2021-06-14T12:29:46.851Z	Host node2.thi.gw.lo: validation 'ntp-synced' is now fixed
2021-06-14T12:30:03.751Z	Host node1.thi.gw.lo: validation 'ntp-synced' is now fixed
2021-06-14T12:30:03.770Z	Host node2.thi.gw.lo: validation 'belongs-to-majority-group' is now fixed
2021-06-14T12:30:03.792Z	Host node2.thi.gw.lo: updated status from \"insufficient\" to \"known\" (Host is ready to be installed)
2021-06-14T12:30:03.798Z	Host node0.thi.gw.lo: validation 'ntp-synced' is now fixed
2021-06-14T12:30:10.838Z	Host node0.thi.gw.lo: validation 'belongs-to-majority-group' is now fixed
2021-06-14T12:30:10.865Z	Host node0.thi.gw.lo: updated status from \"insufficient\" to \"known\" (Host is ready to be installed)
2021-06-14T12:30:10.870Z	Host node1.thi.gw.lo: validation 'belongs-to-majority-group' is now fixed
2021-06-14T12:30:10.892Z	Host node1.thi.gw.lo: updated status from \"insufficient\" to \"known\" (Host is ready to be installed)
2021-06-14T12:30:16.830Z	Cluster validation 'all-hosts-are-ready-to-install' is now fixed
2021-06-14T12:30:16.851Z	Updated status of cluster thi to ready
2021-06-14T12:30:58.718Z	Host node2.thi.gw.lo: set as bootstrap
2021-06-14T12:30:58.761Z	Host cp0.thi.gw.lo: updated status from \"known\" to \"preparing-for-installation\" (Host is preparing for installation)
2021-06-14T12:30:58.777Z	Host cp1.thi.gw.lo: updated status from \"known\" to \"preparing-for-installation\" (Host is preparing for installation)
2021-06-14T12:30:58.836Z	Host node2.thi.gw.lo: updated status from \"known\" to \"preparing-for-installation\" (Host is preparing for installation)
2021-06-14T12:30:58.846Z	Host cp2.thi.gw.lo: updated status from \"known\" to \"preparing-for-installation\" (Host is preparing for installation)
2021-06-14T12:30:58.855Z	Host node0.thi.gw.lo: updated status from \"known\" to \"preparing-for-installation\" (Host is preparing for installation)
2021-06-14T12:30:58.872Z	Host node1.thi.gw.lo: updated status from \"known\" to \"preparing-for-installation\" (Host is preparing for installation)
2021-06-14T12:31:16.465Z	Cluster was prepared successfully for installation
2021-06-14T12:32:34.954Z	Host cp2.thi.gw.lo: New image status registry.redhat.io/rhai-tech-preview/assisted-installer-rhel8:v1.0.0-54. result: success. time: 19.172680 seconds; size: 310005440.000000 bytes; download rate: 16.169124 MBps
2021-06-14T12:32:34.964Z	Host cp2.thi.gw.lo: New image status quay.io/openshift-release-dev/ocp-v4.0-art-dev@sha256:4780d931f9287b49fc1125caaa75d6cb92f722b6cc02dc6e562319942a5165a1. result: success. time: 21.661011 seconds; size: 632586616.000000 bytes; download rate: 29.203928 MBps
2021-06-14T12:32:34.974Z	Host cp2.thi.gw.lo: New image status quay.io/openshift-release-dev/ocp-v4.0-art-dev@sha256:71aa49e1d9d37be83436db4770189f0c975ed4aedc5bf68f921c39307c3415be. result: success. time: 5.675503 seconds; size: 549885017.000000 bytes; download rate: 96.887458 MBps
2021-06-14T12:32:42.793Z	Host cp2.thi.gw.lo: updated status from \"preparing-for-installation\" to \"preparing-successful\" (Host finished successfully to prepare for installation)
2021-06-14T12:32:50.845Z	Host cp1.thi.gw.lo: New image status registry.redhat.io/rhai-tech-preview/assisted-installer-rhel8:v1.0.0-54. result: success. time: 18.761580 seconds; size: 310005440.000000 bytes; download rate: 16.523418 MBps
2021-06-14T12:32:50.849Z	Host node2.thi.gw.lo: New image status registry.redhat.io/rhai-tech-preview/assisted-installer-rhel8:v1.0.0-54. result: success. time: 14.281817 seconds; size: 310005440.000000 bytes; download rate: 21.706303 MBps
2021-06-14T12:32:50.854Z	Host cp1.thi.gw.lo: New image status quay.io/openshift-release-dev/ocp-v4.0-art-dev@sha256:4780d931f9287b49fc1125caaa75d6cb92f722b6cc02dc6e562319942a5165a1. result: success. time: 36.715790 seconds; size: 632586616.000000 bytes; download rate: 17.229280 MBps
2021-06-14T12:32:50.860Z	Host cp1.thi.gw.lo: New image status quay.io/openshift-release-dev/ocp-v4.0-art-dev@sha256:71aa49e1d9d37be83436db4770189f0c975ed4aedc5bf68f921c39307c3415be. result: success. time: 7.770026 seconds; size: 549885017.000000 bytes; download rate: 70.770037 MBps
2021-06-14T12:32:50.862Z	Host node2.thi.gw.lo: New image status quay.io/openshift-release-dev/ocp-v4.0-art-dev@sha256:4780d931f9287b49fc1125caaa75d6cb92f722b6cc02dc6e562319942a5165a1. result: success. time: 40.670125 seconds; size: 632586616.000000 bytes; download rate: 15.554086 MBps
2021-06-14T12:32:50.870Z	Host node2.thi.gw.lo: New image status quay.io/openshift-release-dev/ocp-v4.0-art-dev@sha256:71aa49e1d9d37be83436db4770189f0c975ed4aedc5bf68f921c39307c3415be. result: success. time: 9.469344 seconds; size: 549885017.000000 bytes; download rate: 58.070023 MBps
2021-06-14T12:32:58.795Z	Host cp1.thi.gw.lo: updated status from \"preparing-for-installation\" to \"preparing-successful\" (Host finished successfully to prepare for installation)
2021-06-14T12:32:58.812Z	Host node2.thi.gw.lo: updated status from \"preparing-for-installation\" to \"preparing-successful\" (Host finished successfully to prepare for installation)
2021-06-14T12:33:01.661Z	Host node0.thi.gw.lo: New image status registry.redhat.io/rhai-tech-preview/assisted-installer-rhel8:v1.0.0-54. result: success. time: 33.152361 seconds; size: 310005440.000000 bytes; download rate: 9.350931 MBps
2021-06-14T12:33:01.668Z	Host node0.thi.gw.lo: New image status quay.io/openshift-release-dev/ocp-v4.0-art-dev@sha256:4780d931f9287b49fc1125caaa75d6cb92f722b6cc02dc6e562319942a5165a1. result: success. time: 19.271444 seconds; size: 632586616.000000 bytes; download rate: 32.825076 MBps
2021-06-14T12:33:01.674Z	Host node0.thi.gw.lo: New image status quay.io/openshift-release-dev/ocp-v4.0-art-dev@sha256:71aa49e1d9d37be83436db4770189f0c975ed4aedc5bf68f921c39307c3415be. result: success. time: 4.070299 seconds; size: 549885017.000000 bytes; download rate: 135.096953 MBps
2021-06-14T12:33:06.854Z	Host node0.thi.gw.lo: updated status from \"preparing-for-installation\" to \"preparing-successful\" (Host finished successfully to prepare for installation)
2021-06-14T12:33:07.009Z	Host cp0.thi.gw.lo: New image status registry.redhat.io/rhai-tech-preview/assisted-installer-rhel8:v1.0.0-54. result: success. time: 50.403000 seconds; size: 310005440.000000 bytes; download rate: 6.150535 MBps
2021-06-14T12:33:07.015Z	Host cp0.thi.gw.lo: New image status quay.io/openshift-release-dev/ocp-v4.0-art-dev@sha256:4780d931f9287b49fc1125caaa75d6cb92f722b6cc02dc6e562319942a5165a1. result: success. time: 27.644029 seconds; size: 632586616.000000 bytes; download rate: 22.883300 MBps
2021-06-14T12:33:07.021Z	Host cp0.thi.gw.lo: New image status quay.io/openshift-release-dev/ocp-v4.0-art-dev@sha256:71aa49e1d9d37be83436db4770189f0c975ed4aedc5bf68f921c39307c3415be. result: success. time: 4.838965 seconds; size: 549885017.000000 bytes; download rate: 113.636915 MBps
2021-06-14T12:33:14.781Z	Host cp0.thi.gw.lo: updated status from \"preparing-for-installation\" to \"preparing-successful\" (Host finished successfully to prepare for installation)
2021-06-14T12:33:16.001Z	Host node1.thi.gw.lo: New image status registry.redhat.io/rhai-tech-preview/assisted-installer-rhel8:v1.0.0-54. result: success. time: 52.632862 seconds; size: 310005440.000000 bytes; download rate: 5.889960 MBps
2021-06-14T12:33:16.010Z	Host node1.thi.gw.lo: New image status quay.io/openshift-release-dev/ocp-v4.0-art-dev@sha256:4780d931f9287b49fc1125caaa75d6cb92f722b6cc02dc6e562319942a5165a1. result: success. time: 16.456852 seconds; size: 632586616.000000 bytes; download rate: 38.439103 MBps
2021-06-14T12:33:16.017Z	Host node1.thi.gw.lo: New image status quay.io/openshift-release-dev/ocp-v4.0-art-dev@sha256:71aa49e1d9d37be83436db4770189f0c975ed4aedc5bf68f921c39307c3415be. result: success. time: 3.045046 seconds; size: 549885017.000000 bytes; download rate: 180.583474 MBps
2021-06-14T12:33:22.772Z	Host node1.thi.gw.lo: updated status from \"preparing-for-installation\" to \"preparing-successful\" (Host finished successfully to prepare for installation)
2021-06-14T12:33:26.832Z	Updated status of cluster thi to installing
2021-06-14T12:33:30.856Z	Host cp2.thi.gw.lo: updated status from \"preparing-successful\" to \"installing\" (Installation is in progress)
2021-06-14T12:33:30.866Z	Host cp1.thi.gw.lo: updated status from \"preparing-successful\" to \"installing\" (Installation is in progress)
2021-06-14T12:33:30.888Z	Host node0.thi.gw.lo: updated status from \"preparing-successful\" to \"installing\" (Installation is in progress)
2021-06-14T12:33:30.898Z	Host node2.thi.gw.lo: updated status from \"preparing-successful\" to \"installing\" (Installation is in progress)
2021-06-14T12:33:30.920Z	Host cp0.thi.gw.lo: updated status from \"preparing-successful\" to \"installing\" (Installation is in progress)
2021-06-14T12:33:30.929Z	Host node1.thi.gw.lo: updated status from \"preparing-successful\" to \"installing\" (Installation is in progress)
2021-06-14T12:33:46.448Z	Host cp0.thi.gw.lo: updated status from \"installing\" to \"installing-in-progress\" (Starting installation)
2021-06-14T12:33:46.454Z	Host cp0.thi.gw.lo: reached installation stage Starting installation: master
2021-06-14T12:33:46.583Z	Host cp0.thi.gw.lo: reached installation stage Installing: master
2021-06-14T12:33:46.847Z	Host cp0.thi.gw.lo: reached installation stage Writing image to disk
2021-06-14T12:33:47.090Z	Host cp2.thi.gw.lo: updated status from \"installing\" to \"installing-in-progress\" (Starting installation)
2021-06-14T12:33:47.097Z	Host cp2.thi.gw.lo: reached installation stage Starting installation: worker
2021-06-14T12:33:47.198Z	Host cp2.thi.gw.lo: reached installation stage Installing: worker
2021-06-14T12:33:47.386Z	Host cp2.thi.gw.lo: reached installation stage Writing image to disk
2021-06-14T12:33:47.436Z	Host node2.thi.gw.lo: updated status from \"installing\" to \"installing-in-progress\" (Starting installation)
2021-06-14T12:33:47.442Z	Host node2.thi.gw.lo: reached installation stage Starting installation: bootstrap
2021-06-14T12:33:47.555Z	Host node2.thi.gw.lo: reached installation stage Installing: master
2021-06-14T12:33:47.903Z	Host node2.thi.gw.lo: reached installation stage Writing image to disk
2021-06-14T12:33:48.988Z	Host cp0.thi.gw.lo: reached installation stage Writing image to disk: 7%
2021-06-14T12:33:49.047Z	Host cp1.thi.gw.lo: updated status from \"installing\" to \"installing-in-progress\" (Starting installation)
2021-06-14T12:33:49.052Z	Host cp1.thi.gw.lo: reached installation stage Starting installation: master
2021-06-14T12:33:49.168Z	Host cp1.thi.gw.lo: reached installation stage Installing: master
2021-06-14T12:33:49.351Z	Host cp1.thi.gw.lo: reached installation stage Writing image to disk
2021-06-14T12:33:49.489Z	Host cp2.thi.gw.lo: reached installation stage Writing image to disk: 6%
2021-06-14T12:33:49.990Z	Host cp0.thi.gw.lo: reached installation stage Writing image to disk: 13%
2021-06-14T12:33:50.029Z	Host node2.thi.gw.lo: reached installation stage Writing image to disk: 6%
2021-06-14T12:33:50.498Z	Host cp2.thi.gw.lo: reached installation stage Writing image to disk: 11%
2021-06-14T12:33:51.028Z	Host node2.thi.gw.lo: reached installation stage Writing image to disk: 11%
2021-06-14T12:33:51.446Z	Host cp1.thi.gw.lo: reached installation stage Writing image to disk: 8%
2021-06-14T12:33:51.486Z	Host cp2.thi.gw.lo: reached installation stage Writing image to disk: 17%
2021-06-14T12:33:51.999Z	Host cp0.thi.gw.lo: reached installation stage Writing image to disk: 22%
2021-06-14T12:33:52.040Z	Host node2.thi.gw.lo: reached installation stage Writing image to disk: 17%
2021-06-14T12:33:52.449Z	Host cp1.thi.gw.lo: reached installation stage Writing image to disk: 14%
2021-06-14T12:33:52.495Z	Host cp2.thi.gw.lo: reached installation stage Writing image to disk: 22%
2021-06-14T12:33:52.992Z	Host cp0.thi.gw.lo: reached installation stage Writing image to disk: 28%
2021-06-14T12:33:53.449Z	Host cp1.thi.gw.lo: reached installation stage Writing image to disk: 19%
2021-06-14T12:33:53.491Z	Host cp2.thi.gw.lo: reached installation stage Writing image to disk: 27%
2021-06-14T12:33:53.991Z	Host cp0.thi.gw.lo: reached installation stage Writing image to disk: 33%
2021-06-14T12:33:54.020Z	Host node2.thi.gw.lo: reached installation stage Writing image to disk: 25%
2021-06-14T12:33:54.448Z	Host cp1.thi.gw.lo: reached installation stage Writing image to disk: 24%
2021-06-14T12:33:54.487Z	Host cp2.thi.gw.lo: reached installation stage Writing image to disk: 32%
2021-06-14T12:33:55.447Z	Host cp1.thi.gw.lo: reached installation stage Writing image to disk: 29%
2021-06-14T12:33:56.044Z	Host cp0.thi.gw.lo: reached installation stage Writing image to disk: 39%
2021-06-14T12:33:56.046Z	Host node2.thi.gw.lo: reached installation stage Writing image to disk: 34%
2021-06-14T12:33:56.476Z	Host cp1.thi.gw.lo: reached installation stage Writing image to disk: 34%
2021-06-14T12:33:56.507Z	Host cp2.thi.gw.lo: reached installation stage Writing image to disk: 40%
2021-06-14T12:33:57.032Z	Host node2.thi.gw.lo: reached installation stage Writing image to disk: 39%
2021-06-14T12:33:57.990Z	Host cp0.thi.gw.lo: reached installation stage Writing image to disk: 46%
2021-06-14T12:33:58.442Z	Host cp1.thi.gw.lo: reached installation stage Writing image to disk: 41%
2021-06-14T12:33:58.493Z	Host cp2.thi.gw.lo: reached installation stage Writing image to disk: 46%
2021-06-14T12:33:59.022Z	Host node2.thi.gw.lo: reached installation stage Writing image to disk: 45%
2021-06-14T12:33:59.994Z	Host cp0.thi.gw.lo: reached installation stage Writing image to disk: 53%
2021-06-14T12:34:00.443Z	Host cp1.thi.gw.lo: reached installation stage Writing image to disk: 47%
2021-06-14T12:34:00.501Z	Host cp2.thi.gw.lo: reached installation stage Writing image to disk: 53%
2021-06-14T12:34:01.022Z	Host node2.thi.gw.lo: reached installation stage Writing image to disk: 53%
2021-06-14T12:34:01.988Z	Host cp0.thi.gw.lo: reached installation stage Writing image to disk: 60%
2021-06-14T12:34:02.455Z	Host cp1.thi.gw.lo: reached installation stage Writing image to disk: 54%
2021-06-14T12:34:02.496Z	Host cp2.thi.gw.lo: reached installation stage Writing image to disk: 60%
2021-06-14T12:34:03.047Z	Host node2.thi.gw.lo: reached installation stage Writing image to disk: 60%
2021-06-14T12:34:03.990Z	Host cp0.thi.gw.lo: reached installation stage Writing image to disk: 65%
2021-06-14T12:34:04.447Z	Host cp1.thi.gw.lo: reached installation stage Writing image to disk: 61%
2021-06-14T12:34:04.504Z	Host cp2.thi.gw.lo: reached installation stage Writing image to disk: 66%
2021-06-14T12:34:05.033Z	Host node2.thi.gw.lo: reached installation stage Writing image to disk: 66%
2021-06-14T12:34:05.995Z	Host cp0.thi.gw.lo: reached installation stage Writing image to disk: 70%
2021-06-14T12:34:06.044Z	Host node1.thi.gw.lo: updated status from \"installing\" to \"installing-in-progress\" (Starting installation)
2021-06-14T12:34:06.055Z	Host node1.thi.gw.lo: reached installation stage Starting installation: worker
2021-06-14T12:34:06.197Z	Host node1.thi.gw.lo: reached installation stage Installing: worker
2021-06-14T12:34:06.357Z	Host node1.thi.gw.lo: reached installation stage Writing image to disk
2021-06-14T12:34:06.451Z	Host cp1.thi.gw.lo: reached installation stage Writing image to disk: 66%
2021-06-14T12:34:06.501Z	Host cp2.thi.gw.lo: reached installation stage Writing image to disk: 71%
2021-06-14T12:34:06.556Z	Host node0.thi.gw.lo: updated status from \"installing\" to \"installing-in-progress\" (Starting installation)
2021-06-14T12:34:06.562Z	Host node0.thi.gw.lo: reached installation stage Starting installation: worker
2021-06-14T12:34:06.662Z	Host node0.thi.gw.lo: reached installation stage Installing: worker
2021-06-14T12:34:06.909Z	Host node0.thi.gw.lo: reached installation stage Writing image to disk
2021-06-14T12:34:07.026Z	Host node2.thi.gw.lo: reached installation stage Writing image to disk: 72%
2021-06-14T12:34:08.004Z	Host cp0.thi.gw.lo: reached installation stage Writing image to disk: 75%
2021-06-14T12:34:08.460Z	Host cp1.thi.gw.lo: reached installation stage Writing image to disk: 72%
2021-06-14T12:34:08.502Z	Host cp2.thi.gw.lo: reached installation stage Writing image to disk: 76%
2021-06-14T12:34:10.035Z	Host node2.thi.gw.lo: reached installation stage Writing image to disk: 78%
2021-06-14T12:34:10.501Z	Host cp2.thi.gw.lo: reached installation stage Writing image to disk: 81%
2021-06-14T12:34:11.008Z	Host cp0.thi.gw.lo: reached installation stage Writing image to disk: 82%
2021-06-14T12:34:11.460Z	Host cp1.thi.gw.lo: reached installation stage Writing image to disk: 78%
2021-06-14T12:34:12.429Z	Host node0.thi.gw.lo: reached installation stage Writing image to disk: 6%
2021-06-14T12:34:12.653Z	Host node1.thi.gw.lo: reached installation stage Writing image to disk: 7%
2021-06-14T12:34:13.032Z	Host node2.thi.gw.lo: reached installation stage Writing image to disk: 83%
2021-06-14T12:34:13.453Z	Host cp1.thi.gw.lo: reached installation stage Writing image to disk: 83%
2021-06-14T12:34:13.530Z	Host cp2.thi.gw.lo: reached installation stage Writing image to disk: 86%
2021-06-14T12:34:13.659Z	Host node1.thi.gw.lo: reached installation stage Writing image to disk: 12%
2021-06-14T12:34:14.027Z	Host cp0.thi.gw.lo: reached installation stage Writing image to disk: 88%
2021-06-14T12:34:14.416Z	Host node0.thi.gw.lo: reached installation stage Writing image to disk: 15%
2021-06-14T12:34:15.424Z	Host node0.thi.gw.lo: reached installation stage Writing image to disk: 20%
2021-06-14T12:34:15.660Z	Host node1.thi.gw.lo: reached installation stage Writing image to disk: 21%
2021-06-14T12:34:16.445Z	Host node0.thi.gw.lo: reached installation stage Writing image to disk: 25%
2021-06-14T12:34:16.457Z	Host cp1.thi.gw.lo: reached installation stage Writing image to disk: 88%
2021-06-14T12:34:16.505Z	Host cp2.thi.gw.lo: reached installation stage Writing image to disk: 91%
2021-06-14T12:34:16.669Z	Host node1.thi.gw.lo: reached installation stage Writing image to disk: 26%
2021-06-14T12:34:17.042Z	Host node2.thi.gw.lo: reached installation stage Writing image to disk: 88%
2021-06-14T12:34:17.418Z	Host node0.thi.gw.lo: reached installation stage Writing image to disk: 30%
2021-06-14T12:34:17.652Z	Host node1.thi.gw.lo: reached installation stage Writing image to disk: 31%
2021-06-14T12:34:18.418Z	Host node0.thi.gw.lo: reached installation stage Writing image to disk: 35%
2021-06-14T12:34:18.652Z	Host node1.thi.gw.lo: reached installation stage Writing image to disk: 36%
2021-06-14T12:34:20.414Z	Host node0.thi.gw.lo: reached installation stage Writing image to disk: 41%
2021-06-14T12:34:20.668Z	Host node1.thi.gw.lo: reached installation stage Writing image to disk: 42%
2021-06-14T12:34:22.176Z	Host cp0.thi.gw.lo: reached installation stage Writing image to disk: 93%
2021-06-14T12:34:22.432Z	Host node0.thi.gw.lo: reached installation stage Writing image to disk: 48%
2021-06-14T12:34:22.653Z	Host node1.thi.gw.lo: reached installation stage Writing image to disk: 49%
2021-06-14T12:34:24.422Z	Host node0.thi.gw.lo: reached installation stage Writing image to disk: 54%
2021-06-14T12:34:24.659Z	Host node1.thi.gw.lo: reached installation stage Writing image to disk: 56%
2021-06-14T12:34:26.423Z	Host node0.thi.gw.lo: reached installation stage Writing image to disk: 61%
2021-06-14T12:34:26.659Z	Host node1.thi.gw.lo: reached installation stage Writing image to disk: 63%
2021-06-14T12:34:27.607Z	Host cp1.thi.gw.lo: reached installation stage Writing image to disk: 93%
2021-06-14T12:34:28.203Z	Host node2.thi.gw.lo: reached installation stage Writing image to disk: 93%
2021-06-14T12:34:28.423Z	Host node0.thi.gw.lo: reached installation stage Writing image to disk: 67%
2021-06-14T12:34:30.714Z	Host node1.thi.gw.lo: reached installation stage Writing image to disk: 70%
2021-06-14T12:34:33.755Z	Host node0.thi.gw.lo: reached installation stage Writing image to disk: 72%
2021-06-14T12:34:40.827Z	Host node1.thi.gw.lo: reached installation stage Writing image to disk: 75%
2021-06-14T12:34:45.846Z	Host node0.thi.gw.lo: reached installation stage Writing image to disk: 77%
2021-06-14T12:34:49.659Z	Host cp2.thi.gw.lo: reached installation stage Writing image to disk: 96%
2021-06-14T12:34:57.940Z	Host node0.thi.gw.lo: reached installation stage Writing image to disk: 82%
2021-06-14T12:34:58.758Z	Host cp1.thi.gw.lo: reached installation stage Writing image to disk: 98%
2021-06-14T12:34:58.909Z	Host cp1.thi.gw.lo: reached installation stage Writing image to disk: 100%
2021-06-14T12:35:14.131Z	Host cp0.thi.gw.lo: reached installation stage Writing image to disk: 98%
2021-06-14T12:35:19.424Z	Host node1.thi.gw.lo: reached installation stage Writing image to disk: 80%
2021-06-14T12:35:19.914Z	Host cp0.thi.gw.lo: reached installation stage Writing image to disk: 100%
2021-06-14T12:35:20.948Z	Host node2.thi.gw.lo: reached installation stage Writing image to disk: 98%
2021-06-14T12:35:26.066Z	Host cp2.thi.gw.lo: reached installation stage Writing image to disk: 100%
2021-06-14T12:35:31.724Z	Host node0.thi.gw.lo: reached installation stage Writing image to disk: 87%
2021-06-14T12:35:33.934Z	Host node2.thi.gw.lo: reached installation stage Writing image to disk: 100%
2021-06-14T12:35:45.921Z	Host node1.thi.gw.lo: reached installation stage Writing image to disk: 85%
2021-06-14T12:35:51.132Z	Host node0.thi.gw.lo: reached installation stage Writing image to disk: 92%
2021-06-14T12:35:53.941Z	Host node1.thi.gw.lo: reached installation stage Writing image to disk: 90%
2021-06-14T12:35:56.942Z	Host node1.thi.gw.lo: reached installation stage Writing image to disk: 95%
2021-06-14T12:35:57.135Z	Host node0.thi.gw.lo: reached installation stage Writing image to disk: 97%
2021-06-14T12:36:00.197Z	Host node0.thi.gw.lo: reached installation stage Writing image to disk: 100%
2021-06-14T12:36:01.473Z	Host node1.thi.gw.lo: reached installation stage Writing image to disk: 100%
2021-06-14T12:36:38.423Z	Host cp0.thi.gw.lo: reached installation stage Rebooting
2021-06-14T12:36:47.743Z	Host node2.thi.gw.lo: reached installation stage Waiting for control plane
2021-06-14T12:37:00.084Z	Host cp2.thi.gw.lo: reached installation stage Rebooting
2021-06-14T12:37:04.081Z	Host cp1.thi.gw.lo: reached installation stage Rebooting
2021-06-14T12:37:10.463Z	Host node1.thi.gw.lo: reached installation stage Rebooting
2021-06-14T12:37:11.589Z	Host node0.thi.gw.lo: reached installation stage Rebooting
2021-06-14T12:38:18.204Z	Host cp2.thi.gw.lo: reached installation stage Waiting for ignition
2021-06-14T12:38:18.318Z	Host cp0.thi.gw.lo: reached installation stage Configuring
2021-06-14T12:38:47.556Z	Host cp1.thi.gw.lo: reached installation stage Configuring
2021-06-14T12:38:47.656Z	Host node1.thi.gw.lo: reached installation stage Waiting for ignition
2021-06-14T12:38:47.790Z	Host node0.thi.gw.lo: reached installation stage Waiting for ignition
2021-06-14T12:43:53.279Z	Host cp0.thi.gw.lo: reached installation stage Joined
2021-06-14T12:43:53.344Z	Host cp1.thi.gw.lo: reached installation stage Joined
2021-06-14T12:43:53.404Z	Host node2.thi.gw.lo: reached installation stage Waiting for bootkube
2021-06-14T12:47:13.215Z	Host cp0.thi.gw.lo: updated status from \"installing-in-progress\" to \"installed\" (Done)
2021-06-14T12:47:13.242Z	Host cp0.thi.gw.lo: reached installation stage Done
2021-06-14T12:47:13.364Z	Host cp1.thi.gw.lo: updated status from \"installing-in-progress\" to \"installed\" (Done)
2021-06-14T12:47:13.401Z	Host cp1.thi.gw.lo: reached installation stage Done
2021-06-14T12:50:14.158Z	Host node2.thi.gw.lo: reached installation stage Waiting for controller: waiting for controller pod ready event
2021-06-14T12:52:30.816Z	Host node2.thi.gw.lo: reached installation stage Rebooting
2021-06-14T12:54:41.000Z	Host node2.thi.gw.lo: reached installation stage Configuring
2021-06-14T13:00:40.969Z	Host node2.thi.gw.lo: reached installation stage Joined
2021-06-14T13:02:10.947Z	Host node2.thi.gw.lo: updated status from \"installing-in-progress\" to \"installed\" (Done)
2021-06-14T13:02:10.970Z	Host node2.thi.gw.lo: reached installation stage Done
2021-06-14T13:06:40.982Z	Host node1.thi.gw.lo: reached installation stage Configuring
2021-06-14T13:08:11.140Z	Host cp2.thi.gw.lo: reached installation stage Configuring
2021-06-14T13:10:11.026Z	Host node0.thi.gw.lo: reached installation stage Configuring
2021-06-14T13:12:11.218Z	Host node1.thi.gw.lo: reached installation stage Joined
2021-06-14T13:13:41.014Z	Host cp2.thi.gw.lo: reached installation stage Joined
2021-06-14T13:13:41.098Z	Host node1.thi.gw.lo: updated status from \"installing-in-progress\" to \"installed\" (Done)
2021-06-14T13:13:41.117Z	Host node1.thi.gw.lo: reached installation stage Done
2021-06-14T13:13:46.851Z	Updated status of cluster thi to finalizing
2021-06-14T13:15:12.136Z	Cluster version status: progressing message: Unable to apply 4.7.13: some cluster operators have not yet rolled out
2021-06-14T13:15:41.010Z	Host cp2.thi.gw.lo: updated status from \"installing-in-progress\" to \"installed\" (Done)
2021-06-14T13:15:41.029Z	Host cp2.thi.gw.lo: reached installation stage Done
2021-06-14T13:16:11.723Z	Cluster version status: progressing message: Working towards 4.7.13: 649 of 669 done (97% complete)
2021-06-14T13:17:11.030Z	Host node0.thi.gw.lo: reached installation stage Joined
2021-06-14T13:18:11.538Z	Cluster version status: progressing message: Unable to apply 4.7.13: some cluster operators have not yet rolled out
2021-06-14T13:18:40.957Z	Host node0.thi.gw.lo: updated status from \"installing-in-progress\" to \"installed\" (Done)
2021-06-14T13:18:40.989Z	Host node0.thi.gw.lo: reached installation stage Done
2021-06-14T13:23:11.517Z	Cluster version status: progressing message: Working towards 4.7.13: 663 of 669 done (99% complete)
2021-06-14T13:24:11.557Z	Cluster version status: progressing message: Unable to apply 4.7.13: the cluster operator authentication has not yet successfully rolled out
2021-06-14T13:34:11.541Z	Cluster version status: available message: Done applying 4.7.13
2021-06-14T13:36:56.918Z	Successfully finished installing cluster thi
